<?xml version="1.0" encoding="UTF-8"?>
<!-- Generated by org.testng.reporters.JUnitXMLReporter -->
<testsuite ignored="9" hostname="LTIN620063" failures="0" tests="23" name="Default test" time="18.591" errors="0" timestamp="2025-06-30T11:08:33 IST">
  <testcase classname="com.vitalGuard.tests.TestRunner" name="validateVitalGuardCalculate" time="0.63"/>
  <testcase classname="com.vitalGuard.tests.TestRunner" name="validateVitalGuardCalculate" time="0.43"/>
  <testcase classname="com.vitalGuard.tests.TestRunner" name="validateVitalGuardCalculate" time="0.39"/>
  <testcase classname="com.vitalGuard.tests.TestRunner" name="validateVitalGuardCalculate" time="0.528"/>
  <testcase classname="com.vitalGuard.tests.TestRunner" name="validateVitalGuardCalculate" time="0.423"/>
  <testcase classname="com.vitalGuard.tests.TestRunner" name="validateVitalGuardCalculate" time="0.488"/>
  <testcase classname="com.vitalGuard.tests.TestRunner" name="validateVitalGuardCalculate" time="0.505"/>
  <testcase classname="com.vitalGuard.tests.TestRunner" name="validateVitalGuardCalculate" time="0.532"/>
  <testcase classname="com.vitalGuard.tests.TestRunner" name="validateVitalGuardCalculate" time="0.526"/>
  <testcase classname="com.vitalGuard.tests.TestRunner" name="validateVitalGuardCalculate" time="0.525"/>
  <testcase classname="com.vitalGuard.tests.TestRunner" name="validateVitalGuardCalculate" time="0.472"/>
  <testcase classname="com.vitalGuard.tests.TestRunner" name="validateVitalGuardCalculate" time="0.492"/>
  <testcase classname="com.vitalGuard.tests.TestRunner" name="validateVitalGuardCalculate" time="0.503"/>
  <testcase classname="com.vitalGuard.tests.TestRunner" name="validateVitalGuardCalculate" time="0.475"/>
  <testcase classname="com.vitalGuard.tests.TestRunner" name="validateVitalGuardCalculate" time="0.473"/>
  <testcase classname="com.vitalGuard.tests.TestRunner" name="validateVitalGuardCalculate" time="0.544"/>
  <testcase classname="com.vitalGuard.tests.TestRunner" name="validateVitalGuardCalculate" time="0.528"/>
  <testcase classname="com.vitalGuard.tests.TestRunner" name="validateVitalGuardCalculate" time="0.499"/>
  <testcase classname="com.vitalGuard.tests.TestRunner" name="validateVitalGuardCalculate" time="0.473"/>
  <testcase classname="com.vitalGuard.tests.TestRunner" name="validateVitalGuardCalculate" time="0.542"/>
  <testcase classname="com.vitalGuard.tests.TestRunner" name="validateVitalGuardCalculate" time="0.575"/>
  <testcase classname="com.vitalGuard.tests.TestRunner" name="validateVitalGuardCalculate" time="0.471"/>
  <testcase classname="com.vitalGuard.tests.TestRunner" name="validateVitalGuardCalculate" time="0.455"/>
  <testcase classname="com.vitalGuard.tests.TestRunner" name="validateInvalidBPAlert" time="0.0">
    <ignored/>
  </testcase> <!-- validateInvalidBPAlert -->
  <testcase classname="com.vitalGuard.tests.TestRunner" name="validateVitalGuard2" time="0.0">
    <ignored/>
  </testcase> <!-- validateVitalGuard2 -->
  <testcase classname="com.vitalGuard.tests.TestRunner" name="valNavbarlink" time="0.0">
    <ignored/>
  </testcase> <!-- valNavbarlink -->
  <testcase classname="com.vitalGuard.tests.TestRunner" name="validateInvalidPulseInput" time="0.0">
    <ignored/>
  </testcase> <!-- validateInvalidPulseInput -->
  <testcase classname="com.vitalGuard.tests.TestRunner" name="validateInvalidBPInput" time="0.0">
    <ignored/>
  </testcase> <!-- validateInvalidBPInput -->
  <testcase classname="com.vitalGuard.tests.TestRunner" name="validateInvalidAgeAlert" time="0.0">
    <ignored/>
  </testcase> <!-- validateInvalidAgeAlert -->
  <testcase classname="com.vitalGuard.tests.TestRunner" name="validateInvalidAgeInput" time="0.0">
    <ignored/>
  </testcase> <!-- validateInvalidAgeInput -->
  <testcase classname="com.vitalGuard.tests.TestRunner" name="validateInvalidPulseAlert" time="0.0">
    <ignored/>
  </testcase> <!-- validateInvalidPulseAlert -->
  <testcase classname="com.vitalGuard.tests.TestRunner" name="validateVitalGuard" time="0.0">
    <ignored/>
  </testcase> <!-- validateVitalGuard -->
</testsuite> <!-- Default test -->
