<?xml version="1.0" encoding="UTF-8"?>
<!-- Generated by org.testng.reporters.JUnitXMLReporter -->
<testsuite ignored="0" hostname="LTIN617480" failures="15" tests="130" name="ChromeTest" time="85.281" errors="0" timestamp="2025-07-06T18:36:39 IST">
  <testcase classname="com.vitalGuard.tests.TestRunner" name="valNavbarlink" time="0.178"/>
  <testcase classname="com.vitalGuard.tests.TestRunner" name="valNavbarlink" time="0.165"/>
  <testcase classname="com.vitalGuard.tests.TestRunner" name="valNavbarlink" time="0.147"/>
  <testcase classname="com.vitalGuard.tests.TestRunner" name="valNavbarlink" time="0.156"/>
  <testcase classname="com.vitalGuard.tests.TestRunner" name="valNavbarlink" time="0.148"/>
  <testcase classname="com.vitalGuard.tests.TestRunner" name="validateVitalGuardCalculate" time="1.628"/>
  <testcase classname="com.vitalGuard.tests.TestRunner" name="validateVitalGuardCalculate" time="0.74"/>
  <testcase classname="com.vitalGuard.tests.TestRunner" name="validateVitalGuardCalculate" time="0.718"/>
  <testcase classname="com.vitalGuard.tests.TestRunner" name="validateVitalGuardCalculate" time="0.611"/>
  <testcase classname="com.vitalGuard.tests.TestRunner" name="validateVitalGuardCalculate" time="0.691"/>
  <testcase classname="com.vitalGuard.tests.TestRunner" name="validateVitalGuardCalculate" time="0.723"/>
  <testcase classname="com.vitalGuard.tests.TestRunner" name="validateVitalGuardCalculate" time="0.69"/>
  <testcase classname="com.vitalGuard.tests.TestRunner" name="validateVitalGuardCalculate" time="0.682"/>
  <testcase classname="com.vitalGuard.tests.TestRunner" name="validateVitalGuardCalculate" time="0.715"/>
  <testcase classname="com.vitalGuard.tests.TestRunner" name="validateVitalGuardCalculate" time="0.732"/>
  <testcase classname="com.vitalGuard.tests.TestRunner" name="validateVitalGuardCalculate" time="0.84"/>
  <testcase classname="com.vitalGuard.tests.TestRunner" name="validateVitalGuardCalculate" time="0.76"/>
  <testcase classname="com.vitalGuard.tests.TestRunner" name="validateVitalGuardCalculate" time="0.772"/>
  <testcase classname="com.vitalGuard.tests.TestRunner" name="validateVitalGuardCalculate" time="0.848"/>
  <testcase classname="com.vitalGuard.tests.TestRunner" name="validateVitalGuardCalculate" time="0.73"/>
  <testcase classname="com.vitalGuard.tests.TestRunner" name="validateVitalGuardCalculate" time="0.657"/>
  <testcase classname="com.vitalGuard.tests.TestRunner" name="validateVitalGuardCalculate" time="0.716"/>
  <testcase classname="com.vitalGuard.tests.TestRunner" name="validateVitalGuardCalculate" time="0.632"/>
  <testcase classname="com.vitalGuard.tests.TestRunner" name="validateVitalGuardCalculate" time="0.676"/>
  <testcase classname="com.vitalGuard.tests.TestRunner" name="validateVitalGuardCalculate" time="0.746"/>
  <testcase classname="com.vitalGuard.tests.TestRunner" name="validateVitalGuardCalculate" time="0.735"/>
  <testcase classname="com.vitalGuard.tests.TestRunner" name="validateVitalGuardCalculate" time="0.722"/>
  <testcase classname="com.vitalGuard.tests.TestRunner" name="validateVitalGuardCalculate" time="0.7"/>
  <testcase classname="com.vitalGuard.tests.TestRunner" name="validateVitalGuard" time="0.766"/>
  <testcase classname="com.vitalGuard.tests.TestRunner" name="validateVitalGuard" time="0.756"/>
  <testcase classname="com.vitalGuard.tests.TestRunner" name="validateVitalGuard" time="0.742"/>
  <testcase classname="com.vitalGuard.tests.TestRunner" name="validateVitalGuard" time="0.822"/>
  <testcase classname="com.vitalGuard.tests.TestRunner" name="validateVitalGuard" time="0.85"/>
  <testcase classname="com.vitalGuard.tests.TestRunner" name="validateVitalGuard" time="0.74"/>
  <testcase classname="com.vitalGuard.tests.TestRunner" name="validateVitalGuard" time="0.728"/>
  <testcase classname="com.vitalGuard.tests.TestRunner" name="validateVitalGuard" time="0.681"/>
  <testcase classname="com.vitalGuard.tests.TestRunner" name="validateVitalGuard" time="0.691"/>
  <testcase classname="com.vitalGuard.tests.TestRunner" name="validateVitalGuard" time="0.633"/>
  <testcase classname="com.vitalGuard.tests.TestRunner" name="validateVitalGuard" time="0.674"/>
  <testcase classname="com.vitalGuard.tests.TestRunner" name="validateVitalGuard" time="0.729"/>
  <testcase classname="com.vitalGuard.tests.TestRunner" name="validateVitalGuard" time="0.696"/>
  <testcase classname="com.vitalGuard.tests.TestRunner" name="validateVitalGuard" time="0.742"/>
  <testcase classname="com.vitalGuard.tests.TestRunner" name="validateVitalGuard" time="0.68"/>
  <testcase classname="com.vitalGuard.tests.TestRunner" name="validateVitalGuard" time="0.735"/>
  <testcase classname="com.vitalGuard.tests.TestRunner" name="validateVitalGuard" time="0.676"/>
  <testcase classname="com.vitalGuard.tests.TestRunner" name="validateVitalGuard" time="0.642"/>
  <testcase classname="com.vitalGuard.tests.TestRunner" name="validateVitalGuard" time="0.612"/>
  <testcase classname="com.vitalGuard.tests.TestRunner" name="validateVitalGuard" time="0.707"/>
  <testcase classname="com.vitalGuard.tests.TestRunner" name="validateVitalGuard" time="0.746"/>
  <testcase classname="com.vitalGuard.tests.TestRunner" name="validateVitalGuard" time="0.71"/>
  <testcase classname="com.vitalGuard.tests.TestRunner" name="validateVitalGuard" time="0.733"/>
  <testcase classname="com.vitalGuard.tests.TestRunner" name="validateInvalidAgeInput" time="0.19"/>
  <testcase classname="com.vitalGuard.tests.TestRunner" name="validateInvalidAgeInput" time="0.136"/>
  <testcase classname="com.vitalGuard.tests.TestRunner" name="validateInvalidAgeInput" time="0.145"/>
  <testcase classname="com.vitalGuard.tests.TestRunner" name="validateInvalidAgeInput" time="0.179">
    <failure type="java.lang.AssertionError" message="Error message mismatch for age input: 12.5 expected [Age must be an integer.] but found []">
      <![CDATA[java.lang.AssertionError: Error message mismatch for age input: 12.5 expected [Age must be an integer.] but found []
at com.vitalGuard.tests.TestRunner.validateInvalidAgeInput(TestRunner.java:255)
at java.base/java.util.ArrayList.forEach(ArrayList.java:1596)
at java.base/java.util.concurrent.FutureTask.run(FutureTask.java:317)
at java.base/java.util.concurrent.ThreadPoolExecutor.runWorker(ThreadPoolExecutor.java:1144)
at java.base/java.util.concurrent.ThreadPoolExecutor$Worker.run(ThreadPoolExecutor.java:642)
at java.base/java.lang.Thread.run(Thread.java:1583)
... Removed 20 stack frames]]>
    </failure>
  </testcase> <!-- validateInvalidAgeInput -->
  <testcase classname="com.vitalGuard.tests.TestRunner" name="validateInvalidAgeInput" time="0.161"/>
  <testcase classname="com.vitalGuard.tests.TestRunner" name="validateInvalidPulseInput" time="0.162"/>
  <testcase classname="com.vitalGuard.tests.TestRunner" name="validateInvalidPulseInput" time="0.152"/>
  <testcase classname="com.vitalGuard.tests.TestRunner" name="validateInvalidPulseInput" time="0.149"/>
  <testcase classname="com.vitalGuard.tests.TestRunner" name="validateInvalidPulseInput" time="0.163"/>
  <testcase classname="com.vitalGuard.tests.TestRunner" name="validateInvalidPulseInput" time="0.185">
    <failure type="java.lang.AssertionError" message="Error message mismatch for pulse input: 100.5 expected [Pulse rate must be an integer.] but found []">
      <![CDATA[java.lang.AssertionError: Error message mismatch for pulse input: 100.5 expected [Pulse rate must be an integer.] but found []
at com.vitalGuard.tests.TestRunner.validateInvalidPulseInput(TestRunner.java:264)
at java.base/java.util.ArrayList.forEach(ArrayList.java:1596)
at java.base/java.util.concurrent.FutureTask.run(FutureTask.java:317)
at java.base/java.util.concurrent.ThreadPoolExecutor.runWorker(ThreadPoolExecutor.java:1144)
at java.base/java.util.concurrent.ThreadPoolExecutor$Worker.run(ThreadPoolExecutor.java:642)
at java.base/java.lang.Thread.run(Thread.java:1583)
... Removed 20 stack frames]]>
    </failure>
  </testcase> <!-- validateInvalidPulseInput -->
  <testcase classname="com.vitalGuard.tests.TestRunner" name="validateInvalidPulseInput" time="0.147"/>
  <testcase classname="com.vitalGuard.tests.TestRunner" name="validateInvalidPulseInput" time="0.193"/>
  <testcase classname="com.vitalGuard.tests.TestRunner" name="validateInvalidPulseInput" time="0.153"/>
  <testcase classname="com.vitalGuard.tests.TestRunner" name="validateInvalidBPInput" time="0.14">
    <failure type="java.lang.AssertionError" message="Error message mismatch for BP input:  expected [Use format: systolic/diastolic (e.g., 120/80)] but found []">
      <![CDATA[java.lang.AssertionError: Error message mismatch for BP input:  expected [Use format: systolic/diastolic (e.g., 120/80)] but found []
at com.vitalGuard.tests.TestRunner.validateInvalidBPInput(TestRunner.java:274)
at java.base/java.util.ArrayList.forEach(ArrayList.java:1596)
at java.base/java.util.concurrent.FutureTask.run(FutureTask.java:317)
at java.base/java.util.concurrent.ThreadPoolExecutor.runWorker(ThreadPoolExecutor.java:1144)
at java.base/java.util.concurrent.ThreadPoolExecutor$Worker.run(ThreadPoolExecutor.java:642)
at java.base/java.lang.Thread.run(Thread.java:1583)
... Removed 20 stack frames]]>
    </failure>
  </testcase> <!-- validateInvalidBPInput -->
  <testcase classname="com.vitalGuard.tests.TestRunner" name="validateInvalidBPInput" time="0.152"/>
  <testcase classname="com.vitalGuard.tests.TestRunner" name="validateInvalidBPInput" time="0.185"/>
  <testcase classname="com.vitalGuard.tests.TestRunner" name="validateInvalidBPInput" time="0.159"/>
  <testcase classname="com.vitalGuard.tests.TestRunner" name="validateInvalidBPInput" time="0.198"/>
  <testcase classname="com.vitalGuard.tests.TestRunner" name="validateInvalidBPInput" time="0.116">
    <failure type="java.lang.AssertionError" message="Error message mismatch for BP input: 150/80 expected [Systolic must be between 90 and 140] but found []">
      <![CDATA[java.lang.AssertionError: Error message mismatch for BP input: 150/80 expected [Systolic must be between 90 and 140] but found []
at com.vitalGuard.tests.TestRunner.validateInvalidBPInput(TestRunner.java:274)
at java.base/java.util.ArrayList.forEach(ArrayList.java:1596)
at java.base/java.util.concurrent.FutureTask.run(FutureTask.java:317)
at java.base/java.util.concurrent.ThreadPoolExecutor.runWorker(ThreadPoolExecutor.java:1144)
at java.base/java.util.concurrent.ThreadPoolExecutor$Worker.run(ThreadPoolExecutor.java:642)
at java.base/java.lang.Thread.run(Thread.java:1583)
... Removed 20 stack frames]]>
    </failure>
  </testcase> <!-- validateInvalidBPInput -->
  <testcase classname="com.vitalGuard.tests.TestRunner" name="validateInvalidBPInput" time="0.167">
    <failure type="java.lang.AssertionError" message="Error message mismatch for BP input: 85/80 expected [Systolic must be between 90 and 140] but found []">
      <![CDATA[java.lang.AssertionError: Error message mismatch for BP input: 85/80 expected [Systolic must be between 90 and 140] but found []
at com.vitalGuard.tests.TestRunner.validateInvalidBPInput(TestRunner.java:274)
at java.base/java.util.ArrayList.forEach(ArrayList.java:1596)
at java.base/java.util.concurrent.FutureTask.run(FutureTask.java:317)
at java.base/java.util.concurrent.ThreadPoolExecutor.runWorker(ThreadPoolExecutor.java:1144)
at java.base/java.util.concurrent.ThreadPoolExecutor$Worker.run(ThreadPoolExecutor.java:642)
at java.base/java.lang.Thread.run(Thread.java:1583)
... Removed 20 stack frames]]>
    </failure>
  </testcase> <!-- validateInvalidBPInput -->
  <testcase classname="com.vitalGuard.tests.TestRunner" name="validateInvalidBPInput" time="0.164">
    <failure type="java.lang.AssertionError" message="Error message mismatch for BP input: 120/95 expected [Diastolic must be between 60 and 90] but found []">
      <![CDATA[java.lang.AssertionError: Error message mismatch for BP input: 120/95 expected [Diastolic must be between 60 and 90] but found []
at com.vitalGuard.tests.TestRunner.validateInvalidBPInput(TestRunner.java:274)
at java.base/java.util.ArrayList.forEach(ArrayList.java:1596)
at java.base/java.util.concurrent.FutureTask.run(FutureTask.java:317)
at java.base/java.util.concurrent.ThreadPoolExecutor.runWorker(ThreadPoolExecutor.java:1144)
at java.base/java.util.concurrent.ThreadPoolExecutor$Worker.run(ThreadPoolExecutor.java:642)
at java.base/java.lang.Thread.run(Thread.java:1583)
... Removed 20 stack frames]]>
    </failure>
  </testcase> <!-- validateInvalidBPInput -->
  <testcase classname="com.vitalGuard.tests.TestRunner" name="validateInvalidBPInput" time="0.161">
    <failure type="java.lang.AssertionError" message="Error message mismatch for BP input: 120/55 expected [Diastolic must be between 60 and 90] but found []">
      <![CDATA[java.lang.AssertionError: Error message mismatch for BP input: 120/55 expected [Diastolic must be between 60 and 90] but found []
at com.vitalGuard.tests.TestRunner.validateInvalidBPInput(TestRunner.java:274)
at java.base/java.util.ArrayList.forEach(ArrayList.java:1596)
at java.base/java.util.concurrent.FutureTask.run(FutureTask.java:317)
at java.base/java.util.concurrent.ThreadPoolExecutor.runWorker(ThreadPoolExecutor.java:1144)
at java.base/java.util.concurrent.ThreadPoolExecutor$Worker.run(ThreadPoolExecutor.java:642)
at java.base/java.lang.Thread.run(Thread.java:1583)
... Removed 20 stack frames]]>
    </failure>
  </testcase> <!-- validateInvalidBPInput -->
  <testcase classname="com.vitalGuard.tests.TestRunner" name="validateInvalidBPInput" time="0.16"/>
  <testcase classname="com.vitalGuard.tests.TestRunner" name="validateInvalidBPInput" time="0.146"/>
  <testcase classname="com.vitalGuard.tests.TestRunner" name="validateInvalidBPInput" time="0.116"/>
  <testcase classname="com.vitalGuard.tests.TestRunner" name="validateInvalidBPInput" time="0.118"/>
  <testcase classname="com.vitalGuard.tests.TestRunner" name="validateInvalidBPInput" time="0.183"/>
  <testcase classname="com.vitalGuard.tests.TestRunner" name="validateInvalidBPInput" time="0.166">
    <failure type="java.lang.AssertionError" message="Error message mismatch for BP input: 999/999 expected [Systolic must be between 90 and 140] but found []">
      <![CDATA[java.lang.AssertionError: Error message mismatch for BP input: 999/999 expected [Systolic must be between 90 and 140] but found []
at com.vitalGuard.tests.TestRunner.validateInvalidBPInput(TestRunner.java:274)
at java.base/java.util.ArrayList.forEach(ArrayList.java:1596)
at java.base/java.util.concurrent.FutureTask.run(FutureTask.java:317)
at java.base/java.util.concurrent.ThreadPoolExecutor.runWorker(ThreadPoolExecutor.java:1144)
at java.base/java.util.concurrent.ThreadPoolExecutor$Worker.run(ThreadPoolExecutor.java:642)
at java.base/java.lang.Thread.run(Thread.java:1583)
... Removed 20 stack frames]]>
    </failure>
  </testcase> <!-- validateInvalidBPInput -->
  <testcase classname="com.vitalGuard.tests.TestRunner" name="validateVitalGuard2" time="0.595"/>
  <testcase classname="com.vitalGuard.tests.TestRunner" name="validateVitalGuard2" time="0.516"/>
  <testcase classname="com.vitalGuard.tests.TestRunner" name="validateVitalGuard2" time="0.583"/>
  <testcase classname="com.vitalGuard.tests.TestRunner" name="validateVitalGuard2" time="0.622"/>
  <testcase classname="com.vitalGuard.tests.TestRunner" name="validateVitalGuard2" time="0.568"/>
  <testcase classname="com.vitalGuard.tests.TestRunner" name="validateVitalGuard2" time="0.589"/>
  <testcase classname="com.vitalGuard.tests.TestRunner" name="validateVitalGuard2" time="0.679"/>
  <testcase classname="com.vitalGuard.tests.TestRunner" name="validateVitalGuard2" time="0.609"/>
  <testcase classname="com.vitalGuard.tests.TestRunner" name="validateVitalGuard2" time="0.649"/>
  <testcase classname="com.vitalGuard.tests.TestRunner" name="validateVitalGuard2" time="0.624"/>
  <testcase classname="com.vitalGuard.tests.TestRunner" name="validateVitalGuard2" time="0.642"/>
  <testcase classname="com.vitalGuard.tests.TestRunner" name="validateVitalGuard2" time="0.616"/>
  <testcase classname="com.vitalGuard.tests.TestRunner" name="validateVitalGuard2" time="0.627"/>
  <testcase classname="com.vitalGuard.tests.TestRunner" name="validateVitalGuard2" time="0.645"/>
  <testcase classname="com.vitalGuard.tests.TestRunner" name="validateVitalGuard2" time="0.615"/>
  <testcase classname="com.vitalGuard.tests.TestRunner" name="validateVitalGuard2" time="0.606"/>
  <testcase classname="com.vitalGuard.tests.TestRunner" name="validateVitalGuard2" time="0.644"/>
  <testcase classname="com.vitalGuard.tests.TestRunner" name="validateVitalGuard2" time="0.645"/>
  <testcase classname="com.vitalGuard.tests.TestRunner" name="validateVitalGuard2" time="0.627"/>
  <testcase classname="com.vitalGuard.tests.TestRunner" name="validateVitalGuard2" time="0.617"/>
  <testcase classname="com.vitalGuard.tests.TestRunner" name="validateVitalGuard2" time="0.683"/>
  <testcase classname="com.vitalGuard.tests.TestRunner" name="validateVitalGuard2" time="0.697"/>
  <testcase classname="com.vitalGuard.tests.TestRunner" name="validateVitalGuard2" time="0.711"/>
  <testcase classname="com.vitalGuard.tests.TestRunner" name="validateInvalidAgeAlert" time="0.272"/>
  <testcase classname="com.vitalGuard.tests.TestRunner" name="validateInvalidAgeAlert" time="0.306"/>
  <testcase classname="com.vitalGuard.tests.TestRunner" name="validateInvalidAgeAlert" time="0.215"/>
  <testcase classname="com.vitalGuard.tests.TestRunner" name="validateInvalidAgeAlert" time="0.292">
    <failure type="java.lang.AssertionError" message="Error message mismatch for age input: 12.5 expected [Please enter a valid age between 1 and 120.] but found [Please enter a valid pulse rate between 40 and 180 bpm.]">
      <![CDATA[java.lang.AssertionError: Error message mismatch for age input: 12.5 expected [Please enter a valid age between 1 and 120.] but found [Please enter a valid pulse rate between 40 and 180 bpm.]
at com.vitalGuard.tests.TestRunner.validateInvalidAgeAlert(TestRunner.java:355)
at java.base/java.util.ArrayList.forEach(ArrayList.java:1596)
at java.base/java.util.concurrent.FutureTask.run(FutureTask.java:317)
at java.base/java.util.concurrent.ThreadPoolExecutor.runWorker(ThreadPoolExecutor.java:1144)
at java.base/java.util.concurrent.ThreadPoolExecutor$Worker.run(ThreadPoolExecutor.java:642)
at java.base/java.lang.Thread.run(Thread.java:1583)
... Removed 20 stack frames]]>
    </failure>
  </testcase> <!-- validateInvalidAgeAlert -->
  <testcase classname="com.vitalGuard.tests.TestRunner" name="validateInvalidAgeAlert" time="0.264"/>
  <testcase classname="com.vitalGuard.tests.TestRunner" name="validateInvalidPulseAlert" time="0.446"/>
  <testcase classname="com.vitalGuard.tests.TestRunner" name="validateInvalidPulseAlert" time="0.384"/>
  <testcase classname="com.vitalGuard.tests.TestRunner" name="validateInvalidPulseAlert" time="0.423"/>
  <testcase classname="com.vitalGuard.tests.TestRunner" name="validateInvalidPulseAlert" time="0.436"/>
  <testcase classname="com.vitalGuard.tests.TestRunner" name="validateInvalidPulseAlert" time="0.414">
    <failure type="java.lang.AssertionError" message="Error message mismatch for age input: 100.5 expected [Please enter a valid pulse rate between 40 and 180 bpm.] but found [Please enter blood pressure in the format systolic/diastolic (e.g., 120/80).]">
      <![CDATA[java.lang.AssertionError: Error message mismatch for age input: 100.5 expected [Please enter a valid pulse rate between 40 and 180 bpm.] but found [Please enter blood pressure in the format systolic/diastolic (e.g., 120/80).]
at com.vitalGuard.tests.TestRunner.validateInvalidPulseAlert(TestRunner.java:368)
at java.base/java.util.ArrayList.forEach(ArrayList.java:1596)
at java.base/java.util.concurrent.FutureTask.run(FutureTask.java:317)
at java.base/java.util.concurrent.ThreadPoolExecutor.runWorker(ThreadPoolExecutor.java:1144)
at java.base/java.util.concurrent.ThreadPoolExecutor$Worker.run(ThreadPoolExecutor.java:642)
at java.base/java.lang.Thread.run(Thread.java:1583)
... Removed 20 stack frames]]>
    </failure>
  </testcase> <!-- validateInvalidPulseAlert -->
  <testcase classname="com.vitalGuard.tests.TestRunner" name="validateInvalidPulseAlert" time="0.399"/>
  <testcase classname="com.vitalGuard.tests.TestRunner" name="validateInvalidPulseAlert" time="0.431"/>
  <testcase classname="com.vitalGuard.tests.TestRunner" name="validateInvalidPulseAlert" time="0.408"/>
  <testcase classname="com.vitalGuard.tests.TestRunner" name="validateInvalidBPAlert" time="0.567"/>
  <testcase classname="com.vitalGuard.tests.TestRunner" name="validateInvalidBPAlert" time="0.57"/>
  <testcase classname="com.vitalGuard.tests.TestRunner" name="validateInvalidBPAlert" time="0.642"/>
  <testcase classname="com.vitalGuard.tests.TestRunner" name="validateInvalidBPAlert" time="0.766"/>
  <testcase classname="com.vitalGuard.tests.TestRunner" name="validateInvalidBPAlert" time="0.597"/>
  <testcase classname="com.vitalGuard.tests.TestRunner" name="validateInvalidBPAlert" time="0.744">
    <failure type="java.lang.AssertionError" message="null">
      <![CDATA[java.lang.AssertionError: null
at com.vitalGuard.tests.TestRunner.validateInvalidBPAlert(TestRunner.java:387)
at java.base/java.util.ArrayList.forEach(ArrayList.java:1596)
at java.base/java.util.concurrent.FutureTask.run(FutureTask.java:317)
at java.base/java.util.concurrent.ThreadPoolExecutor.runWorker(ThreadPoolExecutor.java:1144)
at java.base/java.util.concurrent.ThreadPoolExecutor$Worker.run(ThreadPoolExecutor.java:642)
at java.base/java.lang.Thread.run(Thread.java:1583)
... Removed 17 stack frames]]>
    </failure>
  </testcase> <!-- validateInvalidBPAlert -->
  <testcase classname="com.vitalGuard.tests.TestRunner" name="validateInvalidBPAlert" time="0.63">
    <failure type="java.lang.AssertionError" message="null">
      <![CDATA[java.lang.AssertionError: null
at com.vitalGuard.tests.TestRunner.validateInvalidBPAlert(TestRunner.java:387)
at java.base/java.util.ArrayList.forEach(ArrayList.java:1596)
at java.base/java.util.concurrent.FutureTask.run(FutureTask.java:317)
at java.base/java.util.concurrent.ThreadPoolExecutor.runWorker(ThreadPoolExecutor.java:1144)
at java.base/java.util.concurrent.ThreadPoolExecutor$Worker.run(ThreadPoolExecutor.java:642)
at java.base/java.lang.Thread.run(Thread.java:1583)
... Removed 17 stack frames]]>
    </failure>
  </testcase> <!-- validateInvalidBPAlert -->
  <testcase classname="com.vitalGuard.tests.TestRunner" name="validateInvalidBPAlert" time="0.549">
    <failure type="java.lang.AssertionError" message="null">
      <![CDATA[java.lang.AssertionError: null
at com.vitalGuard.tests.TestRunner.validateInvalidBPAlert(TestRunner.java:387)
at java.base/java.util.ArrayList.forEach(ArrayList.java:1596)
at java.base/java.util.concurrent.FutureTask.run(FutureTask.java:317)
at java.base/java.util.concurrent.ThreadPoolExecutor.runWorker(ThreadPoolExecutor.java:1144)
at java.base/java.util.concurrent.ThreadPoolExecutor$Worker.run(ThreadPoolExecutor.java:642)
at java.base/java.lang.Thread.run(Thread.java:1583)
... Removed 17 stack frames]]>
    </failure>
  </testcase> <!-- validateInvalidBPAlert -->
  <testcase classname="com.vitalGuard.tests.TestRunner" name="validateInvalidBPAlert" time="0.663">
    <failure type="java.lang.AssertionError" message="null">
      <![CDATA[java.lang.AssertionError: null
at com.vitalGuard.tests.TestRunner.validateInvalidBPAlert(TestRunner.java:387)
at java.base/java.util.ArrayList.forEach(ArrayList.java:1596)
at java.base/java.util.concurrent.FutureTask.run(FutureTask.java:317)
at java.base/java.util.concurrent.ThreadPoolExecutor.runWorker(ThreadPoolExecutor.java:1144)
at java.base/java.util.concurrent.ThreadPoolExecutor$Worker.run(ThreadPoolExecutor.java:642)
at java.base/java.lang.Thread.run(Thread.java:1583)
... Removed 17 stack frames]]>
    </failure>
  </testcase> <!-- validateInvalidBPAlert -->
  <testcase classname="com.vitalGuard.tests.TestRunner" name="validateInvalidBPAlert" time="0.615"/>
  <testcase classname="com.vitalGuard.tests.TestRunner" name="validateInvalidBPAlert" time="0.638"/>
  <testcase classname="com.vitalGuard.tests.TestRunner" name="validateInvalidBPAlert" time="0.62"/>
  <testcase classname="com.vitalGuard.tests.TestRunner" name="validateInvalidBPAlert" time="0.633"/>
  <testcase classname="com.vitalGuard.tests.TestRunner" name="validateInvalidBPAlert" time="0.666"/>
  <testcase classname="com.vitalGuard.tests.TestRunner" name="validateInvalidBPAlert" time="0.714">
    <failure type="java.lang.AssertionError" message="null">
      <![CDATA[java.lang.AssertionError: null
at com.vitalGuard.tests.TestRunner.validateInvalidBPAlert(TestRunner.java:387)
at java.base/java.util.ArrayList.forEach(ArrayList.java:1596)
at java.base/java.util.concurrent.FutureTask.run(FutureTask.java:317)
at java.base/java.util.concurrent.ThreadPoolExecutor.runWorker(ThreadPoolExecutor.java:1144)
at java.base/java.util.concurrent.ThreadPoolExecutor$Worker.run(ThreadPoolExecutor.java:642)
at java.base/java.lang.Thread.run(Thread.java:1583)
... Removed 17 stack frames]]>
    </failure>
  </testcase> <!-- validateInvalidBPAlert -->
</testsuite> <!-- ChromeTest -->
