<?xml version="1.0" encoding="UTF-8"?>
<!-- Generated by org.testng.reporters.JUnitXMLReporter -->
<testsuite ignored="0" hostname="LTIN617480" failures="15" tests="130" name="EdgeTest" time="91.569" errors="0" timestamp="2025-07-06T18:36:45 IST">
  <testcase classname="com.vitalGuard.tests.TestRunner" name="valNavbarlink" time="0.263"/>
  <testcase classname="com.vitalGuard.tests.TestRunner" name="valNavbarlink" time="0.19"/>
  <testcase classname="com.vitalGuard.tests.TestRunner" name="valNavbarlink" time="0.155"/>
  <testcase classname="com.vitalGuard.tests.TestRunner" name="valNavbarlink" time="0.168"/>
  <testcase classname="com.vitalGuard.tests.TestRunner" name="valNavbarlink" time="0.149"/>
  <testcase classname="com.vitalGuard.tests.TestRunner" name="validateVitalGuardCalculate" time="1.616"/>
  <testcase classname="com.vitalGuard.tests.TestRunner" name="validateVitalGuardCalculate" time="1.001"/>
  <testcase classname="com.vitalGuard.tests.TestRunner" name="validateVitalGuardCalculate" time="1.077"/>
  <testcase classname="com.vitalGuard.tests.TestRunner" name="validateVitalGuardCalculate" time="0.861"/>
  <testcase classname="com.vitalGuard.tests.TestRunner" name="validateVitalGuardCalculate" time="0.843"/>
  <testcase classname="com.vitalGuard.tests.TestRunner" name="validateVitalGuardCalculate" time="0.708"/>
  <testcase classname="com.vitalGuard.tests.TestRunner" name="validateVitalGuardCalculate" time="0.802"/>
  <testcase classname="com.vitalGuard.tests.TestRunner" name="validateVitalGuardCalculate" time="0.769"/>
  <testcase classname="com.vitalGuard.tests.TestRunner" name="validateVitalGuardCalculate" time="0.929"/>
  <testcase classname="com.vitalGuard.tests.TestRunner" name="validateVitalGuardCalculate" time="1.431"/>
  <testcase classname="com.vitalGuard.tests.TestRunner" name="validateVitalGuardCalculate" time="1.001"/>
  <testcase classname="com.vitalGuard.tests.TestRunner" name="validateVitalGuardCalculate" time="0.874"/>
  <testcase classname="com.vitalGuard.tests.TestRunner" name="validateVitalGuardCalculate" time="0.659"/>
  <testcase classname="com.vitalGuard.tests.TestRunner" name="validateVitalGuardCalculate" time="0.744"/>
  <testcase classname="com.vitalGuard.tests.TestRunner" name="validateVitalGuardCalculate" time="0.696"/>
  <testcase classname="com.vitalGuard.tests.TestRunner" name="validateVitalGuardCalculate" time="0.779"/>
  <testcase classname="com.vitalGuard.tests.TestRunner" name="validateVitalGuardCalculate" time="0.756"/>
  <testcase classname="com.vitalGuard.tests.TestRunner" name="validateVitalGuardCalculate" time="0.854"/>
  <testcase classname="com.vitalGuard.tests.TestRunner" name="validateVitalGuardCalculate" time="0.754"/>
  <testcase classname="com.vitalGuard.tests.TestRunner" name="validateVitalGuardCalculate" time="0.808"/>
  <testcase classname="com.vitalGuard.tests.TestRunner" name="validateVitalGuardCalculate" time="0.753"/>
  <testcase classname="com.vitalGuard.tests.TestRunner" name="validateVitalGuardCalculate" time="0.738"/>
  <testcase classname="com.vitalGuard.tests.TestRunner" name="validateVitalGuardCalculate" time="0.795"/>
  <testcase classname="com.vitalGuard.tests.TestRunner" name="validateVitalGuard" time="0.84"/>
  <testcase classname="com.vitalGuard.tests.TestRunner" name="validateVitalGuard" time="0.895"/>
  <testcase classname="com.vitalGuard.tests.TestRunner" name="validateVitalGuard" time="0.824"/>
  <testcase classname="com.vitalGuard.tests.TestRunner" name="validateVitalGuard" time="0.797"/>
  <testcase classname="com.vitalGuard.tests.TestRunner" name="validateVitalGuard" time="0.697"/>
  <testcase classname="com.vitalGuard.tests.TestRunner" name="validateVitalGuard" time="0.699"/>
  <testcase classname="com.vitalGuard.tests.TestRunner" name="validateVitalGuard" time="0.73"/>
  <testcase classname="com.vitalGuard.tests.TestRunner" name="validateVitalGuard" time="0.754"/>
  <testcase classname="com.vitalGuard.tests.TestRunner" name="validateVitalGuard" time="0.778"/>
  <testcase classname="com.vitalGuard.tests.TestRunner" name="validateVitalGuard" time="0.793"/>
  <testcase classname="com.vitalGuard.tests.TestRunner" name="validateVitalGuard" time="0.75"/>
  <testcase classname="com.vitalGuard.tests.TestRunner" name="validateVitalGuard" time="0.742"/>
  <testcase classname="com.vitalGuard.tests.TestRunner" name="validateVitalGuard" time="0.729"/>
  <testcase classname="com.vitalGuard.tests.TestRunner" name="validateVitalGuard" time="0.67"/>
  <testcase classname="com.vitalGuard.tests.TestRunner" name="validateVitalGuard" time="0.704"/>
  <testcase classname="com.vitalGuard.tests.TestRunner" name="validateVitalGuard" time="0.803"/>
  <testcase classname="com.vitalGuard.tests.TestRunner" name="validateVitalGuard" time="0.695"/>
  <testcase classname="com.vitalGuard.tests.TestRunner" name="validateVitalGuard" time="0.728"/>
  <testcase classname="com.vitalGuard.tests.TestRunner" name="validateVitalGuard" time="0.738"/>
  <testcase classname="com.vitalGuard.tests.TestRunner" name="validateVitalGuard" time="0.64"/>
  <testcase classname="com.vitalGuard.tests.TestRunner" name="validateVitalGuard" time="0.643"/>
  <testcase classname="com.vitalGuard.tests.TestRunner" name="validateVitalGuard" time="0.65"/>
  <testcase classname="com.vitalGuard.tests.TestRunner" name="validateVitalGuard" time="0.655"/>
  <testcase classname="com.vitalGuard.tests.TestRunner" name="validateInvalidAgeInput" time="0.183"/>
  <testcase classname="com.vitalGuard.tests.TestRunner" name="validateInvalidAgeInput" time="0.139"/>
  <testcase classname="com.vitalGuard.tests.TestRunner" name="validateInvalidAgeInput" time="0.144"/>
  <testcase classname="com.vitalGuard.tests.TestRunner" name="validateInvalidAgeInput" time="0.14">
    <failure type="java.lang.AssertionError" message="Error message mismatch for age input: 12.5 expected [Age must be an integer.] but found []">
      <![CDATA[java.lang.AssertionError: Error message mismatch for age input: 12.5 expected [Age must be an integer.] but found []
at com.vitalGuard.tests.TestRunner.validateInvalidAgeInput(TestRunner.java:255)
at java.base/java.util.ArrayList.forEach(ArrayList.java:1596)
at java.base/java.util.concurrent.FutureTask.run(FutureTask.java:317)
at java.base/java.util.concurrent.ThreadPoolExecutor.runWorker(ThreadPoolExecutor.java:1144)
at java.base/java.util.concurrent.ThreadPoolExecutor$Worker.run(ThreadPoolExecutor.java:642)
at java.base/java.lang.Thread.run(Thread.java:1583)
... Removed 20 stack frames]]>
    </failure>
  </testcase> <!-- validateInvalidAgeInput -->
  <testcase classname="com.vitalGuard.tests.TestRunner" name="validateInvalidAgeInput" time="0.145"/>
  <testcase classname="com.vitalGuard.tests.TestRunner" name="validateInvalidPulseInput" time="0.149"/>
  <testcase classname="com.vitalGuard.tests.TestRunner" name="validateInvalidPulseInput" time="0.125"/>
  <testcase classname="com.vitalGuard.tests.TestRunner" name="validateInvalidPulseInput" time="0.136"/>
  <testcase classname="com.vitalGuard.tests.TestRunner" name="validateInvalidPulseInput" time="0.143"/>
  <testcase classname="com.vitalGuard.tests.TestRunner" name="validateInvalidPulseInput" time="0.139">
    <failure type="java.lang.AssertionError" message="Error message mismatch for pulse input: 100.5 expected [Pulse rate must be an integer.] but found []">
      <![CDATA[java.lang.AssertionError: Error message mismatch for pulse input: 100.5 expected [Pulse rate must be an integer.] but found []
at com.vitalGuard.tests.TestRunner.validateInvalidPulseInput(TestRunner.java:264)
at java.base/java.util.ArrayList.forEach(ArrayList.java:1596)
at java.base/java.util.concurrent.FutureTask.run(FutureTask.java:317)
at java.base/java.util.concurrent.ThreadPoolExecutor.runWorker(ThreadPoolExecutor.java:1144)
at java.base/java.util.concurrent.ThreadPoolExecutor$Worker.run(ThreadPoolExecutor.java:642)
at java.base/java.lang.Thread.run(Thread.java:1583)
... Removed 20 stack frames]]>
    </failure>
  </testcase> <!-- validateInvalidPulseInput -->
  <testcase classname="com.vitalGuard.tests.TestRunner" name="validateInvalidPulseInput" time="0.149"/>
  <testcase classname="com.vitalGuard.tests.TestRunner" name="validateInvalidPulseInput" time="0.145"/>
  <testcase classname="com.vitalGuard.tests.TestRunner" name="validateInvalidPulseInput" time="0.122"/>
  <testcase classname="com.vitalGuard.tests.TestRunner" name="validateInvalidBPInput" time="0.127">
    <failure type="java.lang.AssertionError" message="Error message mismatch for BP input:  expected [Use format: systolic/diastolic (e.g., 120/80)] but found []">
      <![CDATA[java.lang.AssertionError: Error message mismatch for BP input:  expected [Use format: systolic/diastolic (e.g., 120/80)] but found []
at com.vitalGuard.tests.TestRunner.validateInvalidBPInput(TestRunner.java:274)
at java.base/java.util.ArrayList.forEach(ArrayList.java:1596)
at java.base/java.util.concurrent.FutureTask.run(FutureTask.java:317)
at java.base/java.util.concurrent.ThreadPoolExecutor.runWorker(ThreadPoolExecutor.java:1144)
at java.base/java.util.concurrent.ThreadPoolExecutor$Worker.run(ThreadPoolExecutor.java:642)
at java.base/java.lang.Thread.run(Thread.java:1583)
... Removed 20 stack frames]]>
    </failure>
  </testcase> <!-- validateInvalidBPInput -->
  <testcase classname="com.vitalGuard.tests.TestRunner" name="validateInvalidBPInput" time="0.136"/>
  <testcase classname="com.vitalGuard.tests.TestRunner" name="validateInvalidBPInput" time="0.2"/>
  <testcase classname="com.vitalGuard.tests.TestRunner" name="validateInvalidBPInput" time="0.19"/>
  <testcase classname="com.vitalGuard.tests.TestRunner" name="validateInvalidBPInput" time="0.156"/>
  <testcase classname="com.vitalGuard.tests.TestRunner" name="validateInvalidBPInput" time="0.122">
    <failure type="java.lang.AssertionError" message="Error message mismatch for BP input: 150/80 expected [Systolic must be between 90 and 140] but found []">
      <![CDATA[java.lang.AssertionError: Error message mismatch for BP input: 150/80 expected [Systolic must be between 90 and 140] but found []
at com.vitalGuard.tests.TestRunner.validateInvalidBPInput(TestRunner.java:274)
at java.base/java.util.ArrayList.forEach(ArrayList.java:1596)
at java.base/java.util.concurrent.FutureTask.run(FutureTask.java:317)
at java.base/java.util.concurrent.ThreadPoolExecutor.runWorker(ThreadPoolExecutor.java:1144)
at java.base/java.util.concurrent.ThreadPoolExecutor$Worker.run(ThreadPoolExecutor.java:642)
at java.base/java.lang.Thread.run(Thread.java:1583)
... Removed 20 stack frames]]>
    </failure>
  </testcase> <!-- validateInvalidBPInput -->
  <testcase classname="com.vitalGuard.tests.TestRunner" name="validateInvalidBPInput" time="0.145">
    <failure type="java.lang.AssertionError" message="Error message mismatch for BP input: 85/80 expected [Systolic must be between 90 and 140] but found []">
      <![CDATA[java.lang.AssertionError: Error message mismatch for BP input: 85/80 expected [Systolic must be between 90 and 140] but found []
at com.vitalGuard.tests.TestRunner.validateInvalidBPInput(TestRunner.java:274)
at java.base/java.util.ArrayList.forEach(ArrayList.java:1596)
at java.base/java.util.concurrent.FutureTask.run(FutureTask.java:317)
at java.base/java.util.concurrent.ThreadPoolExecutor.runWorker(ThreadPoolExecutor.java:1144)
at java.base/java.util.concurrent.ThreadPoolExecutor$Worker.run(ThreadPoolExecutor.java:642)
at java.base/java.lang.Thread.run(Thread.java:1583)
... Removed 20 stack frames]]>
    </failure>
  </testcase> <!-- validateInvalidBPInput -->
  <testcase classname="com.vitalGuard.tests.TestRunner" name="validateInvalidBPInput" time="0.131">
    <failure type="java.lang.AssertionError" message="Error message mismatch for BP input: 120/95 expected [Diastolic must be between 60 and 90] but found []">
      <![CDATA[java.lang.AssertionError: Error message mismatch for BP input: 120/95 expected [Diastolic must be between 60 and 90] but found []
at com.vitalGuard.tests.TestRunner.validateInvalidBPInput(TestRunner.java:274)
at java.base/java.util.ArrayList.forEach(ArrayList.java:1596)
at java.base/java.util.concurrent.FutureTask.run(FutureTask.java:317)
at java.base/java.util.concurrent.ThreadPoolExecutor.runWorker(ThreadPoolExecutor.java:1144)
at java.base/java.util.concurrent.ThreadPoolExecutor$Worker.run(ThreadPoolExecutor.java:642)
at java.base/java.lang.Thread.run(Thread.java:1583)
... Removed 20 stack frames]]>
    </failure>
  </testcase> <!-- validateInvalidBPInput -->
  <testcase classname="com.vitalGuard.tests.TestRunner" name="validateInvalidBPInput" time="0.174">
    <failure type="java.lang.AssertionError" message="Error message mismatch for BP input: 120/55 expected [Diastolic must be between 60 and 90] but found []">
      <![CDATA[java.lang.AssertionError: Error message mismatch for BP input: 120/55 expected [Diastolic must be between 60 and 90] but found []
at com.vitalGuard.tests.TestRunner.validateInvalidBPInput(TestRunner.java:274)
at java.base/java.util.ArrayList.forEach(ArrayList.java:1596)
at java.base/java.util.concurrent.FutureTask.run(FutureTask.java:317)
at java.base/java.util.concurrent.ThreadPoolExecutor.runWorker(ThreadPoolExecutor.java:1144)
at java.base/java.util.concurrent.ThreadPoolExecutor$Worker.run(ThreadPoolExecutor.java:642)
at java.base/java.lang.Thread.run(Thread.java:1583)
... Removed 20 stack frames]]>
    </failure>
  </testcase> <!-- validateInvalidBPInput -->
  <testcase classname="com.vitalGuard.tests.TestRunner" name="validateInvalidBPInput" time="0.219"/>
  <testcase classname="com.vitalGuard.tests.TestRunner" name="validateInvalidBPInput" time="0.153"/>
  <testcase classname="com.vitalGuard.tests.TestRunner" name="validateInvalidBPInput" time="0.165"/>
  <testcase classname="com.vitalGuard.tests.TestRunner" name="validateInvalidBPInput" time="0.138"/>
  <testcase classname="com.vitalGuard.tests.TestRunner" name="validateInvalidBPInput" time="0.138"/>
  <testcase classname="com.vitalGuard.tests.TestRunner" name="validateInvalidBPInput" time="0.166">
    <failure type="java.lang.AssertionError" message="Error message mismatch for BP input: 999/999 expected [Systolic must be between 90 and 140] but found []">
      <![CDATA[java.lang.AssertionError: Error message mismatch for BP input: 999/999 expected [Systolic must be between 90 and 140] but found []
at com.vitalGuard.tests.TestRunner.validateInvalidBPInput(TestRunner.java:274)
at java.base/java.util.ArrayList.forEach(ArrayList.java:1596)
at java.base/java.util.concurrent.FutureTask.run(FutureTask.java:317)
at java.base/java.util.concurrent.ThreadPoolExecutor.runWorker(ThreadPoolExecutor.java:1144)
at java.base/java.util.concurrent.ThreadPoolExecutor$Worker.run(ThreadPoolExecutor.java:642)
at java.base/java.lang.Thread.run(Thread.java:1583)
... Removed 20 stack frames]]>
    </failure>
  </testcase> <!-- validateInvalidBPInput -->
  <testcase classname="com.vitalGuard.tests.TestRunner" name="validateVitalGuard2" time="0.784"/>
  <testcase classname="com.vitalGuard.tests.TestRunner" name="validateVitalGuard2" time="0.771"/>
  <testcase classname="com.vitalGuard.tests.TestRunner" name="validateVitalGuard2" time="0.798"/>
  <testcase classname="com.vitalGuard.tests.TestRunner" name="validateVitalGuard2" time="0.763"/>
  <testcase classname="com.vitalGuard.tests.TestRunner" name="validateVitalGuard2" time="0.743"/>
  <testcase classname="com.vitalGuard.tests.TestRunner" name="validateVitalGuard2" time="0.787"/>
  <testcase classname="com.vitalGuard.tests.TestRunner" name="validateVitalGuard2" time="0.732"/>
  <testcase classname="com.vitalGuard.tests.TestRunner" name="validateVitalGuard2" time="0.709"/>
  <testcase classname="com.vitalGuard.tests.TestRunner" name="validateVitalGuard2" time="0.75"/>
  <testcase classname="com.vitalGuard.tests.TestRunner" name="validateVitalGuard2" time="0.745"/>
  <testcase classname="com.vitalGuard.tests.TestRunner" name="validateVitalGuard2" time="0.717"/>
  <testcase classname="com.vitalGuard.tests.TestRunner" name="validateVitalGuard2" time="0.778"/>
  <testcase classname="com.vitalGuard.tests.TestRunner" name="validateVitalGuard2" time="0.788"/>
  <testcase classname="com.vitalGuard.tests.TestRunner" name="validateVitalGuard2" time="0.811"/>
  <testcase classname="com.vitalGuard.tests.TestRunner" name="validateVitalGuard2" time="0.811"/>
  <testcase classname="com.vitalGuard.tests.TestRunner" name="validateVitalGuard2" time="0.784"/>
  <testcase classname="com.vitalGuard.tests.TestRunner" name="validateVitalGuard2" time="0.698"/>
  <testcase classname="com.vitalGuard.tests.TestRunner" name="validateVitalGuard2" time="0.782"/>
  <testcase classname="com.vitalGuard.tests.TestRunner" name="validateVitalGuard2" time="0.762"/>
  <testcase classname="com.vitalGuard.tests.TestRunner" name="validateVitalGuard2" time="0.756"/>
  <testcase classname="com.vitalGuard.tests.TestRunner" name="validateVitalGuard2" time="0.81"/>
  <testcase classname="com.vitalGuard.tests.TestRunner" name="validateVitalGuard2" time="0.795"/>
  <testcase classname="com.vitalGuard.tests.TestRunner" name="validateVitalGuard2" time="1.022"/>
  <testcase classname="com.vitalGuard.tests.TestRunner" name="validateInvalidAgeAlert" time="0.266"/>
  <testcase classname="com.vitalGuard.tests.TestRunner" name="validateInvalidAgeAlert" time="0.388"/>
  <testcase classname="com.vitalGuard.tests.TestRunner" name="validateInvalidAgeAlert" time="0.268"/>
  <testcase classname="com.vitalGuard.tests.TestRunner" name="validateInvalidAgeAlert" time="0.342">
    <failure type="java.lang.AssertionError" message="Error message mismatch for age input: 12.5 expected [Please enter a valid age between 1 and 120.] but found [Please enter a valid pulse rate between 40 and 180 bpm.]">
      <![CDATA[java.lang.AssertionError: Error message mismatch for age input: 12.5 expected [Please enter a valid age between 1 and 120.] but found [Please enter a valid pulse rate between 40 and 180 bpm.]
at com.vitalGuard.tests.TestRunner.validateInvalidAgeAlert(TestRunner.java:355)
at java.base/java.util.ArrayList.forEach(ArrayList.java:1596)
at java.base/java.util.concurrent.FutureTask.run(FutureTask.java:317)
at java.base/java.util.concurrent.ThreadPoolExecutor.runWorker(ThreadPoolExecutor.java:1144)
at java.base/java.util.concurrent.ThreadPoolExecutor$Worker.run(ThreadPoolExecutor.java:642)
at java.base/java.lang.Thread.run(Thread.java:1583)
... Removed 20 stack frames]]>
    </failure>
  </testcase> <!-- validateInvalidAgeAlert -->
  <testcase classname="com.vitalGuard.tests.TestRunner" name="validateInvalidAgeAlert" time="0.303"/>
  <testcase classname="com.vitalGuard.tests.TestRunner" name="validateInvalidPulseAlert" time="0.472"/>
  <testcase classname="com.vitalGuard.tests.TestRunner" name="validateInvalidPulseAlert" time="0.435"/>
  <testcase classname="com.vitalGuard.tests.TestRunner" name="validateInvalidPulseAlert" time="0.415"/>
  <testcase classname="com.vitalGuard.tests.TestRunner" name="validateInvalidPulseAlert" time="0.452"/>
  <testcase classname="com.vitalGuard.tests.TestRunner" name="validateInvalidPulseAlert" time="0.412">
    <failure type="java.lang.AssertionError" message="Error message mismatch for age input: 100.5 expected [Please enter a valid pulse rate between 40 and 180 bpm.] but found [Please enter blood pressure in the format systolic/diastolic (e.g., 120/80).]">
      <![CDATA[java.lang.AssertionError: Error message mismatch for age input: 100.5 expected [Please enter a valid pulse rate between 40 and 180 bpm.] but found [Please enter blood pressure in the format systolic/diastolic (e.g., 120/80).]
at com.vitalGuard.tests.TestRunner.validateInvalidPulseAlert(TestRunner.java:368)
at java.base/java.util.ArrayList.forEach(ArrayList.java:1596)
at java.base/java.util.concurrent.FutureTask.run(FutureTask.java:317)
at java.base/java.util.concurrent.ThreadPoolExecutor.runWorker(ThreadPoolExecutor.java:1144)
at java.base/java.util.concurrent.ThreadPoolExecutor$Worker.run(ThreadPoolExecutor.java:642)
at java.base/java.lang.Thread.run(Thread.java:1583)
... Removed 20 stack frames]]>
    </failure>
  </testcase> <!-- validateInvalidPulseAlert -->
  <testcase classname="com.vitalGuard.tests.TestRunner" name="validateInvalidPulseAlert" time="0.393"/>
  <testcase classname="com.vitalGuard.tests.TestRunner" name="validateInvalidPulseAlert" time="0.422"/>
  <testcase classname="com.vitalGuard.tests.TestRunner" name="validateInvalidPulseAlert" time="0.478"/>
  <testcase classname="com.vitalGuard.tests.TestRunner" name="validateInvalidBPAlert" time="0.595"/>
  <testcase classname="com.vitalGuard.tests.TestRunner" name="validateInvalidBPAlert" time="0.662"/>
  <testcase classname="com.vitalGuard.tests.TestRunner" name="validateInvalidBPAlert" time="0.726"/>
  <testcase classname="com.vitalGuard.tests.TestRunner" name="validateInvalidBPAlert" time="0.674"/>
  <testcase classname="com.vitalGuard.tests.TestRunner" name="validateInvalidBPAlert" time="0.708"/>
  <testcase classname="com.vitalGuard.tests.TestRunner" name="validateInvalidBPAlert" time="0.768">
    <failure type="java.lang.AssertionError" message="null">
      <![CDATA[java.lang.AssertionError: null
at com.vitalGuard.tests.TestRunner.validateInvalidBPAlert(TestRunner.java:387)
at java.base/java.util.ArrayList.forEach(ArrayList.java:1596)
at java.base/java.util.concurrent.FutureTask.run(FutureTask.java:317)
at java.base/java.util.concurrent.ThreadPoolExecutor.runWorker(ThreadPoolExecutor.java:1144)
at java.base/java.util.concurrent.ThreadPoolExecutor$Worker.run(ThreadPoolExecutor.java:642)
at java.base/java.lang.Thread.run(Thread.java:1583)
... Removed 17 stack frames]]>
    </failure>
  </testcase> <!-- validateInvalidBPAlert -->
  <testcase classname="com.vitalGuard.tests.TestRunner" name="validateInvalidBPAlert" time="0.706">
    <failure type="java.lang.AssertionError" message="null">
      <![CDATA[java.lang.AssertionError: null
at com.vitalGuard.tests.TestRunner.validateInvalidBPAlert(TestRunner.java:387)
at java.base/java.util.ArrayList.forEach(ArrayList.java:1596)
at java.base/java.util.concurrent.FutureTask.run(FutureTask.java:317)
at java.base/java.util.concurrent.ThreadPoolExecutor.runWorker(ThreadPoolExecutor.java:1144)
at java.base/java.util.concurrent.ThreadPoolExecutor$Worker.run(ThreadPoolExecutor.java:642)
at java.base/java.lang.Thread.run(Thread.java:1583)
... Removed 17 stack frames]]>
    </failure>
  </testcase> <!-- validateInvalidBPAlert -->
  <testcase classname="com.vitalGuard.tests.TestRunner" name="validateInvalidBPAlert" time="0.579">
    <failure type="java.lang.AssertionError" message="null">
      <![CDATA[java.lang.AssertionError: null
at com.vitalGuard.tests.TestRunner.validateInvalidBPAlert(TestRunner.java:387)
at java.base/java.util.ArrayList.forEach(ArrayList.java:1596)
at java.base/java.util.concurrent.FutureTask.run(FutureTask.java:317)
at java.base/java.util.concurrent.ThreadPoolExecutor.runWorker(ThreadPoolExecutor.java:1144)
at java.base/java.util.concurrent.ThreadPoolExecutor$Worker.run(ThreadPoolExecutor.java:642)
at java.base/java.lang.Thread.run(Thread.java:1583)
... Removed 17 stack frames]]>
    </failure>
  </testcase> <!-- validateInvalidBPAlert -->
  <testcase classname="com.vitalGuard.tests.TestRunner" name="validateInvalidBPAlert" time="0.526">
    <failure type="java.lang.AssertionError" message="null">
      <![CDATA[java.lang.AssertionError: null
at com.vitalGuard.tests.TestRunner.validateInvalidBPAlert(TestRunner.java:387)
at java.base/java.util.ArrayList.forEach(ArrayList.java:1596)
at java.base/java.util.concurrent.FutureTask.run(FutureTask.java:317)
at java.base/java.util.concurrent.ThreadPoolExecutor.runWorker(ThreadPoolExecutor.java:1144)
at java.base/java.util.concurrent.ThreadPoolExecutor$Worker.run(ThreadPoolExecutor.java:642)
at java.base/java.lang.Thread.run(Thread.java:1583)
... Removed 17 stack frames]]>
    </failure>
  </testcase> <!-- validateInvalidBPAlert -->
  <testcase classname="com.vitalGuard.tests.TestRunner" name="validateInvalidBPAlert" time="0.476"/>
  <testcase classname="com.vitalGuard.tests.TestRunner" name="validateInvalidBPAlert" time="0.538"/>
  <testcase classname="com.vitalGuard.tests.TestRunner" name="validateInvalidBPAlert" time="0.615"/>
  <testcase classname="com.vitalGuard.tests.TestRunner" name="validateInvalidBPAlert" time="0.545"/>
  <testcase classname="com.vitalGuard.tests.TestRunner" name="validateInvalidBPAlert" time="0.451"/>
  <testcase classname="com.vitalGuard.tests.TestRunner" name="validateInvalidBPAlert" time="0.585">
    <failure type="java.lang.AssertionError" message="null">
      <![CDATA[java.lang.AssertionError: null
at com.vitalGuard.tests.TestRunner.validateInvalidBPAlert(TestRunner.java:387)
at java.base/java.util.ArrayList.forEach(ArrayList.java:1596)
at java.base/java.util.concurrent.FutureTask.run(FutureTask.java:317)
at java.base/java.util.concurrent.ThreadPoolExecutor.runWorker(ThreadPoolExecutor.java:1144)
at java.base/java.util.concurrent.ThreadPoolExecutor$Worker.run(ThreadPoolExecutor.java:642)
at java.base/java.lang.Thread.run(Thread.java:1583)
... Removed 17 stack frames]]>
    </failure>
  </testcase> <!-- validateInvalidBPAlert -->
</testsuite> <!-- EdgeTest -->
